2021-10-11 16:44:55|   0.1|  0.1|INFORM|FME 2020.1.3.0 (20201001 - Build 20632 - WIN64)
2021-10-11 16:44:55|   0.1|  0.0|INFORM|FME_HOME is 'C:\Program Files\FME\'
2021-10-11 16:44:55|   0.1|  0.0|INFORM|FME Desktop Trial Edition (node locked-crc)
2021-10-11 16:44:55|   0.1|  0.0|INFORM|Serial Number: 0
2021-10-11 16:44:55|   0.1|  0.0|INFORM|Temporary License: 37 days left.
2021-10-11 16:44:55|   0.1|  0.0|INFORM|Machine host name is: DESKTOP-ORJMQCL
2021-10-11 16:44:55|   0.1|  0.0|INFORM|START - ProcessID: 20284, peak process memory usage: 37224 kB, current process memory usage: 37116 kB
2021-10-11 16:44:55|   0.1|  0.0|INFORM|FME Configuration: Command line arguments are `C:\Program Files\FME\fme.exe' `C:/Users/Demo/Github/SensorObservationBackend/FME\wb-xlate-1633959895443_1288' `LOG_STANDARDOUT' `YES' `LogCountServerName' `{538b081c-ebb4-42f7-89bd-c56bbcc27f6e}' `LOG_TIMINGS' `Yes'
2021-10-11 16:44:55|   0.1|  0.0|INFORM|FME Configuration: Connection Storage: 'C:\Users\Demo\AppData\Roaming\Safe Software\FME\'
2021-10-11 16:44:56|   0.5|  0.5|INFORM|Shared folders for formats are : C:\Program Files\FME\datasources;C:\Users\Demo\Documents\FME\Formats
2021-10-11 16:44:56|   0.5|  0.0|INFORM|Shared folders for transformers are : C:\Users\Demo\AppData\Roaming\Safe Software\FME\Packages\20632-win64\transformers;C:\Program Files\FME\transformers;C:\Users\Demo\AppData\Roaming\Safe Software\FME\FME Store\Transformers
2021-10-11 16:44:56|   0.5|  0.0|INFORM|Shared folders for coordinate systems are : C:\Users\Demo\Documents\FME\CoordinateSystems
2021-10-11 16:44:56|   0.5|  0.0|INFORM|Shared folders for coordinate system exceptions are : C:\Users\Demo\Documents\FME\CoordinateSystemExceptions
2021-10-11 16:44:56|   0.5|  0.0|INFORM|Shared folders for coordinate system grid overrides are : C:\Users\Demo\Documents\FME\CoordinateSystemGridOverrides
2021-10-11 16:44:56|   0.5|  0.0|INFORM|Shared folders for CS-MAP transformation exceptions are : C:\Users\Demo\Documents\FME\CsmapTransformationExceptions
2021-10-11 16:44:56|   0.5|  0.0|INFORM|Shared folders for transformer categories are : C:\Users\Demo\Documents\FME\TransformerCategories
2021-10-11 16:44:56|   0.5|  0.0|INFORM|FME Configuration: Reader Keyword is `MULTI_READER'
2021-10-11 16:44:56|   0.5|  0.0|INFORM|FME Configuration: Writer Keyword is `MULTI_WRITER'
2021-10-11 16:44:56|   0.5|  0.0|INFORM|FME Configuration: Writer Group Definition Keyword is `MULTI_WRITER_DEF'
2021-10-11 16:44:56|   0.5|  0.0|INFORM|FME Configuration: Reader type is `MULTI_READER'
2021-10-11 16:44:56|   0.5|  0.0|INFORM|FME Configuration: Writer type is `MULTI_WRITER'
2021-10-11 16:44:56|   0.5|  0.0|INFORM|FME Configuration: No destination coordinate system set
2021-10-11 16:44:56|   0.5|  0.0|INFORM|FME Configuration: Current working folder is `C:\Users\Demo\Github\SensorObservationBackend\FME'
2021-10-11 16:44:56|   0.5|  0.0|INFORM|FME Configuration: Temporary folder is `C:\Users\Demo\AppData\Local\Temp\wbrun_1633412914929_1288\fmetmp_1633959895480_1288', set from environment variable `FME_TEMP'
2021-10-11 16:44:56|   0.5|  0.0|INFORM|FME Configuration: FME_HOME is `C:\Program Files\FME\'
2021-10-11 16:44:56|   0.5|  0.0|INFORM|FME Configuration: FME_BASE is 'no'
2021-10-11 16:44:56|   0.5|  0.0|INFORM|FME Configuration: FME_MF_DIR is 'C:\Users\Demo\Github\SensorObservationBackend\FME/'
2021-10-11 16:44:56|   0.5|  0.0|INFORM|FME Configuration: FME_MF_NAME is 'citygml_citygml_citygml2citygml.fmw'
2021-10-11 16:44:56|   0.5|  0.0|INFORM|FME Configuration: FME_PRODUCT_NAME is 'FME(R) 2020.1.3.0'
2021-10-11 16:44:56|   0.5|  0.0|INFORM|System Status: 37.16 GB of disk space available in the FME temporary folder (C:\Users\Demo\AppData\Local\Temp\wbrun_1633412914929_1288\fmetmp_1633959895480_1288)
2021-10-11 16:44:56|   0.5|  0.0|INFORM|System Status: 15.96 GB of physical memory available
2021-10-11 16:44:56|   0.5|  0.0|INFORM|System Status: 31.96 GB of virtual memory available
2021-10-11 16:44:56|   0.5|  0.0|INFORM|Operating System: Microsoft Windows 10 64-bit  (Build 19041)
2021-10-11 16:44:56|   0.5|  0.0|INFORM|FME Platform: WIN64
2021-10-11 16:44:56|   0.5|  0.0|INFORM|Locale: en_FI
2021-10-11 16:44:56|   0.5|  0.0|INFORM|System Encoding: windows-1252
2021-10-11 16:44:56|   0.5|  0.0|INFORM|FME Configuration: Start freeing memory when the process exceeds 47.87 GB
2021-10-11 16:44:56|   0.5|  0.0|INFORM|FME Configuration: Stop freeing memory when the process is below 35.90 GB
2021-10-11 16:44:56|   0.5|  0.0|INFORM|Creating writer for format: 
2021-10-11 16:44:56|   0.5|  0.0|INFORM|Creating reader for format: 
2021-10-11 16:44:56|   0.5|  0.0|INFORM|MULTI_READER(MULTI_READER): Will fail with first member reader failure
2021-10-11 16:44:56|   0.5|  0.0|INFORM|MULTI_READER(MULTI_READER): Adding CITYGML Reader with keyword CITYGML_1
2021-10-11 16:44:56|   0.5|  0.0|INFORM|MULTI_READER(MULTI_READER): Adding CITYGML Reader with keyword CITYGML_3
2021-10-11 16:44:56|   0.5|  0.0|INFORM|MULTI_READER(MULTI_READER): Adding CITYGML Reader with keyword CITYGML_4
2021-10-11 16:44:56|   0.5|  0.0|INFORM|Using Multi Reader with keyword `MULTI_READER' to read multiple datasets
2021-10-11 16:44:56|   0.6|  0.1|INFORM|Creating reader for format: CityGML
2021-10-11 16:44:56|   0.6|  0.0|INFORM|Trying to find a DYNAMIC plugin for reader named `CITYGML'
2021-10-11 16:44:56|   0.7|  0.0|INFORM|Loaded module 'CITYGML' from file 'C:\Program Files\FME\plugins/CITYGML.dll'
2021-10-11 16:44:56|   0.7|  0.0|INFORM|FME API version of module 'CITYGML' matches current internal version (3.8 20200115)
2021-10-11 16:44:56|   0.7|  0.0|INFORM|Opening the CITYGML reader with source dataset 'C:\Users\Demo\FME Data In\SimpleTest\2550_6679\2550_6679.gml'
2021-10-11 16:44:56|   0.7|  0.0|INFORM|Parsing XML document 'C:\Users\Demo\FME Data In\SimpleTest\2550_6679\2550_6679.gml'
2021-10-11 16:44:56|   0.7|  0.0|INFORM|The uri-map document 'C:\Program Files\FME\xml\urimap\gml_aixm.xml' is being used to map from URI to URI
2021-10-11 16:44:56|   0.7|  0.0|INFORM|The uri-map document 'C:\Program Files\FME\xml\urimap\gml_inspire.xml' is being used to map from URI to URI
2021-10-11 16:44:56|   0.7|  0.0|INFORM|The uri-map document 'C:\Program Files\FME\xml\urimap\gml_sosi.xml' is being used to map from URI to URI
2021-10-11 16:44:56|   0.7|  0.0|INFORM|The uri-map document 'C:\Program Files\FME\xml\urimap\gml_urimap.xml' is being used to map from URI to URI
2021-10-11 16:44:56|   0.7|  0.0|INFORM|The uri-map document 'C:\Program Files\FME\xml\urimap\gml_citygml.xml' is being used to map from URI to URI
2021-10-11 16:44:56|   0.7|  0.0|INFORM|URI 'http://schemas.opengis.net/citygml/building/2.0/building.xsd' mapped to 'file:///C:/Program Files/FME/xml/schemas/CityGML/CityGML/2.0/CityGML/building.xsd'
2021-10-11 16:44:56|   0.7|  0.0|INFORM|Parsing schema document 'file:///C:/Program Files/FME/xml/schemas/CityGML/CityGML/2.0/CityGML/building.xsd' ...
2021-10-11 16:44:56|   0.7|  0.0|INFORM|A <schemaLocation> in the uri-map is overriding the namespace 'http://www.w3.org/1999/xlink' xsd location from '../xlink/xlinks.xsd' to 'xlink.xsd'
2021-10-11 16:44:56|   0.7|  0.0|INFORM|URI 'http://schemas.opengis.net/citygml/cityobjectgroup/2.0/cityObjectGroup.xsd' mapped to 'file:///C:/Program Files/FME/xml/schemas/CityGML/CityGML/2.0/CityGML/cityObjectGroup.xsd'
2021-10-11 16:44:56|   0.7|  0.0|INFORM|Parsing schema document 'file:///C:/Program Files/FME/xml/schemas/CityGML/CityGML/2.0/CityGML/cityObjectGroup.xsd' ...
2021-10-11 16:44:56|   0.7|  0.0|INFORM|URI 'http://schemas.opengis.net/citygml/tunnel/2.0/tunnel.xsd' mapped to 'file:///C:/Program Files/FME/xml/schemas/CityGML/CityGML/2.0/CityGML/tunnel.xsd'
2021-10-11 16:44:56|   0.7|  0.0|INFORM|Parsing schema document 'file:///C:/Program Files/FME/xml/schemas/CityGML/CityGML/2.0/CityGML/tunnel.xsd' ...
2021-10-11 16:44:56|   0.7|  0.0|INFORM|URI 'http://schemas.opengis.net/citygml/waterbody/2.0/waterBody.xsd' mapped to 'file:///C:/Program Files/FME/xml/schemas/CityGML/CityGML/2.0/CityGML/waterBody.xsd'
2021-10-11 16:44:56|   0.7|  0.0|INFORM|Parsing schema document 'file:///C:/Program Files/FME/xml/schemas/CityGML/CityGML/2.0/CityGML/waterBody.xsd' ...
2021-10-11 16:44:56|   0.7|  0.0|INFORM|URI 'http://schemas.opengis.net/citygml/appearance/2.0/appearance.xsd' mapped to 'file:///C:/Program Files/FME/xml/schemas/CityGML/CityGML/2.0/CityGML/appearance.xsd'
2021-10-11 16:44:56|   0.7|  0.0|INFORM|Parsing schema document 'file:///C:/Program Files/FME/xml/schemas/CityGML/CityGML/2.0/CityGML/appearance.xsd' ...
2021-10-11 16:44:56|   0.7|  0.0|INFORM|URI 'http://schemas.opengis.net/citygml/cityfurniture/2.0/cityFurniture.xsd' mapped to 'file:///C:/Program Files/FME/xml/schemas/CityGML/CityGML/2.0/CityGML/cityFurniture.xsd'
2021-10-11 16:44:56|   0.7|  0.0|INFORM|Parsing schema document 'file:///C:/Program Files/FME/xml/schemas/CityGML/CityGML/2.0/CityGML/cityFurniture.xsd' ...
2021-10-11 16:44:56|   0.7|  0.0|INFORM|URI 'http://schemas.opengis.net/citygml/generics/2.0/generics.xsd' mapped to 'file:///C:/Program Files/FME/xml/schemas/CityGML/CityGML/2.0/CityGML/generics.xsd'
2021-10-11 16:44:56|   0.7|  0.0|INFORM|Parsing schema document 'file:///C:/Program Files/FME/xml/schemas/CityGML/CityGML/2.0/CityGML/generics.xsd' ...
2021-10-11 16:44:56|   0.7|  0.0|INFORM|URI 'http://schemas.opengis.net/citygml/bridge/2.0/bridge.xsd' mapped to 'file:///C:/Program Files/FME/xml/schemas/CityGML/CityGML/2.0/CityGML/bridge.xsd'
2021-10-11 16:44:56|   0.7|  0.0|INFORM|Parsing schema document 'file:///C:/Program Files/FME/xml/schemas/CityGML/CityGML/2.0/CityGML/bridge.xsd' ...
2021-10-11 16:44:56|   0.7|  0.0|INFORM|URI 'http://schemas.opengis.net/citygml/vegetation/2.0/vegetation.xsd' mapped to 'file:///C:/Program Files/FME/xml/schemas/CityGML/CityGML/2.0/CityGML/vegetation.xsd'
2021-10-11 16:44:56|   0.7|  0.0|INFORM|Parsing schema document 'file:///C:/Program Files/FME/xml/schemas/CityGML/CityGML/2.0/CityGML/vegetation.xsd' ...
2021-10-11 16:44:56|   0.7|  0.0|INFORM|URI 'http://schemas.opengis.net/citygml/transportation/2.0/transportation.xsd' mapped to 'file:///C:/Program Files/FME/xml/schemas/CityGML/CityGML/2.0/CityGML/transportation.xsd'
2021-10-11 16:44:56|   0.7|  0.0|INFORM|Parsing schema document 'file:///C:/Program Files/FME/xml/schemas/CityGML/CityGML/2.0/CityGML/transportation.xsd' ...
2021-10-11 16:44:56|   0.7|  0.0|INFORM|URI 'http://schemas.opengis.net/citygml/relief/2.0/relief.xsd' mapped to 'file:///C:/Program Files/FME/xml/schemas/CityGML/CityGML/2.0/CityGML/relief.xsd'
2021-10-11 16:44:56|   0.7|  0.0|INFORM|Parsing schema document 'file:///C:/Program Files/FME/xml/schemas/CityGML/CityGML/2.0/CityGML/relief.xsd' ...
2021-10-11 16:44:56|   0.8|  0.0|INFORM|URI 'http://schemas.opengis.net/citygml/landuse/2.0/landUse.xsd' mapped to 'file:///C:/Program Files/FME/xml/schemas/CityGML/CityGML/2.0/CityGML/landUse.xsd'
2021-10-11 16:44:56|   0.8|  0.0|INFORM|Parsing schema document 'file:///C:/Program Files/FME/xml/schemas/CityGML/CityGML/2.0/CityGML/landUse.xsd' ...
2021-10-11 16:44:56|   0.8|  0.0|INFORM|Using XSD semantics configuration file 'file:///C:/Program Files/FME/xml/CityGML/CityGML_config.xml'.
2021-10-11 16:44:56|   0.8|  0.0|INFORM|Using prefix 'xlink' for uri 'http://www.w3.org/1999/xlink'
2021-10-11 16:44:56|   0.8|  0.0|INFORM|Using prefix 'gml' for uri 'http://www.opengis.net/gml'
2021-10-11 16:44:56|   0.8|  0.0|INFORM|Using prefix 'sch' for uri 'http://www.ascc.net/xml/schematron'
2021-10-11 16:44:56|   0.8|  0.0|INFORM|Using prefix 'smil20' for uri 'http://www.w3.org/2001/SMIL20/'
2021-10-11 16:44:56|   0.8|  0.0|INFORM|Using prefix 'xsi' for uri 'http://www.w3.org/2001/XMLSchema-instance'
2021-10-11 16:44:56|   0.8|  0.0|INFORM|Using prefix 'core' for uri 'http://www.opengis.net/citygml/2.0'
2021-10-11 16:44:56|   0.8|  0.0|INFORM|Using prefix 'smil20lang' for uri 'http://www.w3.org/2001/SMIL20/Language'
2021-10-11 16:44:56|   0.8|  0.0|INFORM|Using prefix 'grp' for uri 'http://www.opengis.net/citygml/cityobjectgroup/2.0'
2021-10-11 16:44:56|   0.8|  0.0|INFORM|Using prefix 'tun' for uri 'http://www.opengis.net/citygml/tunnel/2.0'
2021-10-11 16:44:56|   0.8|  0.0|INFORM|Using prefix 'bldg' for uri 'http://www.opengis.net/citygml/building/2.0'
2021-10-11 16:44:56|   0.8|  0.0|INFORM|Using prefix 'xAL' for uri 'urn:oasis:names:tc:ciq:xsdschema:xAL:2.0'
2021-10-11 16:44:56|   0.8|  0.0|INFORM|Using prefix 'gen' for uri 'http://www.opengis.net/citygml/generics/2.0'
2021-10-11 16:44:56|   0.8|  0.0|INFORM|Using prefix 'luse' for uri 'http://www.opengis.net/citygml/landuse/2.0'
2021-10-11 16:44:56|   0.8|  0.0|INFORM|Using prefix 'app' for uri 'http://www.opengis.net/citygml/appearance/2.0'
2021-10-11 16:44:56|   0.8|  0.0|INFORM|Using prefix 'dem' for uri 'http://www.opengis.net/citygml/relief/2.0'
2021-10-11 16:44:56|   0.8|  0.0|INFORM|Using prefix 'veg' for uri 'http://www.opengis.net/citygml/vegetation/2.0'
2021-10-11 16:44:56|   0.8|  0.0|INFORM|Using prefix 'frn' for uri 'http://www.opengis.net/citygml/cityfurniture/2.0'
2021-10-11 16:44:56|   0.8|  0.0|INFORM|Using prefix 'wtr' for uri 'http://www.opengis.net/citygml/waterbody/2.0'
2021-10-11 16:44:56|   0.8|  0.0|INFORM|Using prefix 'brid' for uri 'http://www.opengis.net/citygml/bridge/2.0'
2021-10-11 16:44:56|   0.8|  0.0|INFORM|Using prefix 'tran' for uri 'http://www.opengis.net/citygml/transportation/2.0'
2021-10-11 16:44:56|   1.1|  0.4|INFORM|Pre-processing xfMap 'C:\Users\Demo\AppData\Local\Temp\GML_XFMAP_CACHE\CACHED_AUTOGEN_1633959896535_20284.xfmap' with macro stylesheet 'C:\Program Files\FME\xfmap\xfmap_macro.xslt' into 'C:\Users\Demo\AppData\Local\Temp\GML_XFMAP_CACHE\CACHED_AUTOGEN_1633959896993_20284.xfmap'
2021-10-11 16:44:57|   1.4|  0.3|INFORM|CityGML Reader: Caching xfMap file for subsequent reads 'C:\Users\Demo\AppData\Local\Temp\GML_XFMAP_CACHE\CACHED_AUTOGEN_1633959896993_20284.xfmap'
2021-10-11 16:44:57|   1.4|  0.0|INFORM|Using MultiWriter with keyword `MULTI_WRITER' to output data (ID_ATTRIBUTE is `multi_writer_id')
2021-10-11 16:44:57|   1.4|  0.0|INFORM|Writer output will be ordered by value of multi_writer_id
2021-10-11 16:44:57|   1.4|  0.0|INFORM|Loaded module 'LogCount_func' from file 'C:\Program Files\FME\plugins/LogCount_func.dll'
2021-10-11 16:44:57|   1.4|  0.0|INFORM|FME API version of module 'LogCount_func' matches current internal version (3.8 20200115)
2021-10-11 16:44:57|   1.4|  0.0|INFORM|FME Configuration: Using FME Reprojection Engine
2021-10-11 16:44:57|   1.5|  0.0|INFORM|The XML Reader is using xfMap 'C:\Users\Demo\AppData\Local\Temp\GML_XFMAP_CACHE\CACHED_AUTOGEN_1633959896993_20284.xfmap'
2021-10-11 16:44:57|   1.5|  0.0|INFORM|Parsing XML document 'C:\Users\Demo\FME Data In\SimpleTest\2550_6679\2550_6679.gml'
2021-10-11 16:44:58|   2.0|  0.5|INFORM|FME Configuration: Source coordinate system for reader CITYGML_1[CITYGML] set to `EPSG:3879' as read from input data
2021-10-11 16:44:58|   2.0|  0.0|INFORM|Coordinate System `EPSG:3879' parameters: CS_NAME=`ETRS89.FinGK-25/10_FME' DESC_NM=`ETRS89 / ETRS-GK25FIN 2010' DT_NAME=`ETRS89/01' GROUP=`FINLAND' MAP_SCL=`1' MAX_LAT=`68.9' MAX_LNG=`25.5' MIN_LAT=`60' MIN_LNG=`24.5' PARM1=`25' PROJ=`TM' QUAD=`1' SCL_RED=`1' SOURCE=`EPSG' UNIT=`Meter' X_OFF=`25500000' ZERO_X=`0.001' ZERO_Y=`0.001'
2021-10-11 16:44:58|   2.0|  0.0|STATS |Storing feature(s) to FME feature store file `C:\Users\Demo\AppData\Local\Temp\wb-cache--KidIXm\Main_WallSurface -1 2 -1  0  cb5df51613530d4c1e6ae169b0a96356d2d428bb.ffsupdating'
2021-10-11 16:44:58|   2.0|  0.0|INFORM|Creating writer for format: CityGML
2021-10-11 16:44:58|   2.0|  0.0|INFORM|Trying to find a DYNAMIC plugin for writer named `CITYGML'
2021-10-11 16:44:58|   2.0|  0.0|INFORM|FME API version of module 'CITYGML' matches current internal version (3.8 20200115)
2021-10-11 16:44:58|   2.0|  0.0|INFORM|FME Configuration: No destination coordinate system set
2021-10-11 16:44:58|   2.0|  0.0|INFORM|FME API version of module 'CITYGML' matches current internal version (3.8 20200115)
2021-10-11 16:44:58|   2.0|  0.0|INFORM|Writer `CITYGML_2' of type `CITYGML' using group definition keyword `CITYGML_2_DEF'
2021-10-11 16:44:58|   2.0|  0.0|INFORM|FME API version of module 'CITYGML' matches current internal version (3.8 20200115)
2021-10-11 16:44:58|   2.1|  0.0|INFORM|The uri-map document 'C:\Program Files\FME\xml\urimap\gml_aixm.xml' is being used to map from URI to URI
2021-10-11 16:44:58|   2.1|  0.0|INFORM|The uri-map document 'C:\Program Files\FME\xml\urimap\gml_inspire.xml' is being used to map from URI to URI
2021-10-11 16:44:58|   2.1|  0.0|INFORM|The uri-map document 'C:\Program Files\FME\xml\urimap\gml_sosi.xml' is being used to map from URI to URI
2021-10-11 16:44:58|   2.1|  0.0|INFORM|The uri-map document 'C:\Program Files\FME\xml\urimap\gml_urimap.xml' is being used to map from URI to URI
2021-10-11 16:44:58|   2.1|  0.0|INFORM|The uri-map document 'C:\Program Files\FME\xml\urimap\gml_citygml.xml' is being used to map from URI to URI
2021-10-11 16:44:58|   2.1|  0.0|INFORM|URI 'CityGML.xsd' mapped to 'file:///C:/Program Files/FME/xml/schemas/CityGML/CityGML/2.0/CityGML.xsd'
2021-10-11 16:44:58|   2.1|  0.0|INFORM|Parsing schema document 'file:///C:/Program Files/FME/xml/schemas/CityGML/CityGML/2.0/CityGML.xsd' ...
2021-10-11 16:44:58|   2.1|  0.0|INFORM|A <schemaLocation> in the uri-map is overriding the namespace 'http://www.w3.org/1999/xlink' xsd location from '../xlink/xlinks.xsd' to 'xlink.xsd'
2021-10-11 16:44:58|   2.1|  0.0|INFORM|Using XSD semantics configuration file 'file:///C:/Program Files/FME/xml/CityGML/CityGML_config.xml'.
2021-10-11 16:44:58|   2.1|  0.0|INFORM|Using prefix 'xlink' for uri 'http://www.w3.org/1999/xlink'
2021-10-11 16:44:58|   2.1|  0.0|INFORM|Using prefix 'gml' for uri 'http://www.opengis.net/gml'
2021-10-11 16:44:58|   2.1|  0.0|INFORM|Using prefix 'sch' for uri 'http://www.ascc.net/xml/schematron'
2021-10-11 16:44:58|   2.1|  0.0|INFORM|Using prefix 'smil20' for uri 'http://www.w3.org/2001/SMIL20/'
2021-10-11 16:44:58|   2.1|  0.0|INFORM|Using prefix 'xsi' for uri 'http://www.w3.org/2001/XMLSchema-instance'
2021-10-11 16:44:58|   2.1|  0.0|INFORM|Using prefix 'core' for uri 'http://www.opengis.net/citygml/2.0'
2021-10-11 16:44:58|   2.1|  0.0|INFORM|Using prefix 'smil20lang' for uri 'http://www.w3.org/2001/SMIL20/Language'
2021-10-11 16:44:58|   2.1|  0.0|INFORM|Using prefix 'grp' for uri 'http://www.opengis.net/citygml/cityobjectgroup/2.0'
2021-10-11 16:44:58|   2.1|  0.0|INFORM|Using prefix 'tun' for uri 'http://www.opengis.net/citygml/tunnel/2.0'
2021-10-11 16:44:58|   2.1|  0.0|INFORM|Using prefix 'bldg' for uri 'http://www.opengis.net/citygml/building/2.0'
2021-10-11 16:44:58|   2.1|  0.0|INFORM|Using prefix 'xAL' for uri 'urn:oasis:names:tc:ciq:xsdschema:xAL:2.0'
2021-10-11 16:44:58|   2.1|  0.0|INFORM|Using prefix 'pbase' for uri 'http://www.opengis.net/citygml/profiles/base/2.0'
2021-10-11 16:44:58|   2.1|  0.0|INFORM|Using prefix 'gen' for uri 'http://www.opengis.net/citygml/generics/2.0'
2021-10-11 16:44:58|   2.1|  0.0|INFORM|Using prefix 'luse' for uri 'http://www.opengis.net/citygml/landuse/2.0'
2021-10-11 16:44:58|   2.1|  0.0|INFORM|Using prefix 'app' for uri 'http://www.opengis.net/citygml/appearance/2.0'
2021-10-11 16:44:58|   2.1|  0.0|INFORM|Using prefix 'dem' for uri 'http://www.opengis.net/citygml/relief/2.0'
2021-10-11 16:44:58|   2.1|  0.0|INFORM|Using prefix 'tex' for uri 'http://www.opengis.net/citygml/texturedsurface/2.0'
2021-10-11 16:44:58|   2.1|  0.0|INFORM|Using prefix 'veg' for uri 'http://www.opengis.net/citygml/vegetation/2.0'
2021-10-11 16:44:58|   2.1|  0.0|INFORM|Using prefix 'frn' for uri 'http://www.opengis.net/citygml/cityfurniture/2.0'
2021-10-11 16:44:58|   2.1|  0.0|INFORM|Using prefix 'wtr' for uri 'http://www.opengis.net/citygml/waterbody/2.0'
2021-10-11 16:44:58|   2.1|  0.0|INFORM|Using prefix 'brid' for uri 'http://www.opengis.net/citygml/bridge/2.0'
2021-10-11 16:44:58|   2.1|  0.0|INFORM|Using prefix 'tran' for uri 'http://www.opengis.net/citygml/transportation/2.0'
2021-10-11 16:44:58|   2.6|  0.4|INFORM|Creating reader for format: XML (Extensible Markup Language)
2021-10-11 16:44:58|   2.6|  0.0|INFORM|Trying to find a DYNAMIC plugin for reader named `XML'
2021-10-11 16:44:58|   2.6|  0.0|INFORM|Loaded module 'XML' from file 'C:\Program Files\FME\plugins/XML.dll'
2021-10-11 16:44:58|   2.6|  0.0|INFORM|FME API version of module 'XML' matches current internal version (3.8 20200115)
2021-10-11 16:44:58|   2.6|  0.0|INFORM|Opening the XML reader with source dataset 'C:\Users\Demo\AppData\Local\Temp\wbrun_1633412914929_1288\fmetmp_1633959895480_1288\FME_1633959898530_20284.xfmap'
2021-10-11 16:44:58|   2.6|  0.0|INFORM|The XML Reader is using xfMap 'C:\Program Files\FME\xml\CityGML\CityGML_meta_schema_xfmap.xml'
2021-10-11 16:44:58|   2.6|  0.0|INFORM|The uri-map document 'C:\Program Files\FME\xml\urimap\gml_aixm.xml' is being used to map from URI to URI
2021-10-11 16:44:58|   2.6|  0.0|INFORM|The uri-map document 'C:\Program Files\FME\xml\urimap\gml_citygml.xml' is being used to map from URI to URI
2021-10-11 16:44:58|   2.6|  0.0|INFORM|The uri-map document 'C:\Program Files\FME\xml\urimap\gml_inspire.xml' is being used to map from URI to URI
2021-10-11 16:44:58|   2.6|  0.0|INFORM|The uri-map document 'C:\Program Files\FME\xml\urimap\gml_sosi.xml' is being used to map from URI to URI
2021-10-11 16:44:58|   2.6|  0.0|INFORM|The uri-map document 'C:\Program Files\FME\xml\urimap\gml_urimap.xml' is being used to map from URI to URI
2021-10-11 16:44:58|   2.6|  0.0|INFORM|Parsing XML document 'C:\Users\Demo\AppData\Local\Temp\wbrun_1633412914929_1288\fmetmp_1633959895480_1288\FME_1633959898530_20284.xfmap'
2021-10-11 16:44:58|   2.8|  0.1|INFORM|FME Configuration: Destination coordinate system set to input coordinate system `EPSG:3879'
2021-10-11 16:44:59|   3.3|  0.5|STATS |Storing feature(s) to FME feature store file `C:\Users\Demo\AppData\Local\Temp\wb-cache--KidIXm\Main_RoofSurface -1 4 -1  0  2fb61ee384061dd603091b2d7e47b4ff4c584db1.ffsupdating'
2021-10-11 16:44:59|   3.3|  0.0|STATS |Storing feature(s) to FME feature store file `C:\Users\Demo\AppData\Local\Temp\wb-cache--KidIXm\Main_GroundSurface -1 6 -1  0  52b2b10eb89cece3ae4476b24b62ef8ac25b1a1f.ffsupdating'
2021-10-11 16:44:59|   3.3|  0.0|STATS |Storing feature(s) to FME feature store file `C:\Users\Demo\AppData\Local\Temp\wb-cache--KidIXm\Main_Address -1 12 -1  0  f95872a3a60565a942e8377836cff57de98565e3.ffsupdating'
2021-10-11 16:44:59|   3.4|  0.0|STATS |Storing feature(s) to FME feature store file `C:\Users\Demo\AppData\Local\Temp\wb-cache--KidIXm\Main_Building -1 10 -1  0  3cb070c3fca9f015acfaee89ee8c5b444021aac3.ffsupdating'
2021-10-11 16:45:17|  19.9| 16.5|STATS |Storing feature(s) to FME feature store file `C:\Users\Demo\AppData\Local\Temp\wb-cache--KidIXm\Main_CityModel -1 8 -1  0  3aba1a243de9388b7cd63c565ddd3f91da6f04ce.ffsupdating'
2021-10-11 16:45:17|  19.9|  0.0|INFORM|Creating reader for format: CityGML
2021-10-11 16:45:17|  19.9|  0.0|INFORM|Trying to find a DYNAMIC plugin for reader named `CITYGML'
2021-10-11 16:45:17|  19.9|  0.0|INFORM|FME API version of module 'CITYGML' matches current internal version (3.8 20200115)
2021-10-11 16:45:17|  19.9|  0.0|INFORM|Opening the CITYGML reader with source dataset 'C:\Users\Demo\FME Data In\SimpleTest\2549_6674\2549_6674.gml'
2021-10-11 16:45:17|  19.9|  0.0|INFORM|Parsing XML document 'C:\Users\Demo\FME Data In\SimpleTest\2549_6674\2549_6674.gml'
2021-10-11 16:45:17|  19.9|  0.0|INFORM|The uri-map document 'C:\Program Files\FME\xml\urimap\gml_aixm.xml' is being used to map from URI to URI
2021-10-11 16:45:17|  19.9|  0.0|INFORM|The uri-map document 'C:\Program Files\FME\xml\urimap\gml_inspire.xml' is being used to map from URI to URI
2021-10-11 16:45:17|  19.9|  0.0|INFORM|The uri-map document 'C:\Program Files\FME\xml\urimap\gml_sosi.xml' is being used to map from URI to URI
2021-10-11 16:45:17|  19.9|  0.0|INFORM|The uri-map document 'C:\Program Files\FME\xml\urimap\gml_urimap.xml' is being used to map from URI to URI
2021-10-11 16:45:17|  19.9|  0.0|INFORM|The uri-map document 'C:\Program Files\FME\xml\urimap\gml_citygml.xml' is being used to map from URI to URI
2021-10-11 16:45:17|  19.9|  0.0|INFORM|CityGML Reader: Using cached xfMap 'C:\Users\Demo\AppData\Local\Temp\GML_XFMAP_CACHE\CACHED_AUTOGEN_1633959896993_20284.xfmap'
2021-10-11 16:45:17|  20.0|  0.0|INFORM|The XML Reader is using xfMap 'C:\Users\Demo\AppData\Local\Temp\GML_XFMAP_CACHE\CACHED_AUTOGEN_1633959896993_20284.xfmap'
2021-10-11 16:45:17|  20.0|  0.0|INFORM|Parsing XML document 'C:\Users\Demo\FME Data In\SimpleTest\2549_6674\2549_6674.gml'
2021-10-11 16:45:18|  21.0|  1.0|INFORM|FME Configuration: Source coordinate system for reader CITYGML_3[CITYGML] set to `EPSG:3879' as read from input data
2021-10-11 16:45:18|  21.0|  0.0|INFORM|Coordinate System `EPSG:3879' parameters: CS_NAME=`ETRS89.FinGK-25/10_FME' DESC_NM=`ETRS89 / ETRS-GK25FIN 2010' DT_NAME=`ETRS89/01' GROUP=`FINLAND' MAP_SCL=`1' MAX_LAT=`68.9' MAX_LNG=`25.5' MIN_LAT=`60' MIN_LNG=`24.5' PARM1=`25' PROJ=`TM' QUAD=`1' SCL_RED=`1' SOURCE=`EPSG' UNIT=`Meter' X_OFF=`25500000' ZERO_X=`0.001' ZERO_Y=`0.001'
2021-10-11 16:45:18|  21.0|  0.0|STATS |Storing feature(s) to FME feature store file `C:\Users\Demo\AppData\Local\Temp\wb-cache--KidIXm\Main_WallSurface -1 22 -1  0  543d9baa26a991858232afb2046640828ec00e0d.ffsupdating'
2021-10-11 16:45:18|  21.1|  0.1|STATS |Storing feature(s) to FME feature store file `C:\Users\Demo\AppData\Local\Temp\wb-cache--KidIXm\Main_RoofSurface -1 23 -1  0  b753bcbabdc27a966527f674b74ba89094571142.ffsupdating'
2021-10-11 16:45:18|  21.1|  0.0|STATS |Storing feature(s) to FME feature store file `C:\Users\Demo\AppData\Local\Temp\wb-cache--KidIXm\Main_GroundSurface -1 24 -1  0  0e409b1e42d7b425666c738ce6b67b36f9c94a81.ffsupdating'
2021-10-11 16:45:18|  21.3|  0.2|STATS |Storing feature(s) to FME feature store file `C:\Users\Demo\AppData\Local\Temp\wb-cache--KidIXm\Main_Address -1 27 -1  0  87a2f434adfd8868111c1bc5f2dbc1b113f72ead.ffsupdating'
2021-10-11 16:45:18|  21.3|  0.0|STATS |Storing feature(s) to FME feature store file `C:\Users\Demo\AppData\Local\Temp\wb-cache--KidIXm\Main_Building -1 26 -1  0  6394f6f4d9ae5e08a81dbd619da069ebd1191b88.ffsupdating'
2021-10-11 16:46:33|  91.0| 69.7|STATS |Storing feature(s) to FME feature store file `C:\Users\Demo\AppData\Local\Temp\wb-cache--KidIXm\Main_CityModel -1 25 -1  0  9e54d302b0dc0aa8a51d394540f754ac68cdbc4b.ffsupdating'
2021-10-11 16:46:33|  91.1|  0.0|INFORM|Creating reader for format: CityGML
2021-10-11 16:46:33|  91.1|  0.0|INFORM|Trying to find a DYNAMIC plugin for reader named `CITYGML'
2021-10-11 16:46:33|  91.1|  0.0|INFORM|FME API version of module 'CITYGML' matches current internal version (3.8 20200115)
2021-10-11 16:46:33|  91.1|  0.0|INFORM|Opening the CITYGML reader with source dataset 'C:\Users\Demo\FME Data In\SimpleTest\2549_6675\2549_6675.gml'
2021-10-11 16:46:33|  91.1|  0.0|INFORM|Parsing XML document 'C:\Users\Demo\FME Data In\SimpleTest\2549_6675\2549_6675.gml'
2021-10-11 16:46:33|  91.1|  0.0|INFORM|The uri-map document 'C:\Program Files\FME\xml\urimap\gml_aixm.xml' is being used to map from URI to URI
2021-10-11 16:46:33|  91.1|  0.0|INFORM|The uri-map document 'C:\Program Files\FME\xml\urimap\gml_inspire.xml' is being used to map from URI to URI
2021-10-11 16:46:33|  91.1|  0.0|INFORM|The uri-map document 'C:\Program Files\FME\xml\urimap\gml_sosi.xml' is being used to map from URI to URI
2021-10-11 16:46:33|  91.1|  0.0|INFORM|The uri-map document 'C:\Program Files\FME\xml\urimap\gml_urimap.xml' is being used to map from URI to URI
2021-10-11 16:46:33|  91.1|  0.0|INFORM|The uri-map document 'C:\Program Files\FME\xml\urimap\gml_citygml.xml' is being used to map from URI to URI
2021-10-11 16:46:33|  91.1|  0.0|INFORM|CityGML Reader: Using cached xfMap 'C:\Users\Demo\AppData\Local\Temp\GML_XFMAP_CACHE\CACHED_AUTOGEN_1633959896993_20284.xfmap'
2021-10-11 16:46:33|  91.1|  0.0|INFORM|The XML Reader is using xfMap 'C:\Users\Demo\AppData\Local\Temp\GML_XFMAP_CACHE\CACHED_AUTOGEN_1633959896993_20284.xfmap'
2021-10-11 16:46:33|  91.1|  0.0|INFORM|Parsing XML document 'C:\Users\Demo\FME Data In\SimpleTest\2549_6675\2549_6675.gml'
2021-10-11 16:46:33|  91.2|  0.1|INFORM|FME Configuration: Source coordinate system for reader CITYGML_4[CITYGML] set to `EPSG:3879' as read from input data
2021-10-11 16:46:33|  91.2|  0.0|INFORM|Coordinate System `EPSG:3879' parameters: CS_NAME=`ETRS89.FinGK-25/10_FME' DESC_NM=`ETRS89 / ETRS-GK25FIN 2010' DT_NAME=`ETRS89/01' GROUP=`FINLAND' MAP_SCL=`1' MAX_LAT=`68.9' MAX_LNG=`25.5' MIN_LAT=`60' MIN_LNG=`24.5' PARM1=`25' PROJ=`TM' QUAD=`1' SCL_RED=`1' SOURCE=`EPSG' UNIT=`Meter' X_OFF=`25500000' ZERO_X=`0.001' ZERO_Y=`0.001'
2021-10-11 16:46:33|  91.2|  0.0|STATS |Storing feature(s) to FME feature store file `C:\Users\Demo\AppData\Local\Temp\wb-cache--KidIXm\Main_WallSurface -1 28 -1  0  38155a115d29a6a39d32365eb8e718f0231f73d9.ffsupdating'
2021-10-11 16:46:33|  91.3|  0.0|STATS |Storing feature(s) to FME feature store file `C:\Users\Demo\AppData\Local\Temp\wb-cache--KidIXm\Main_GroundSurface -1 30 -1  0  6f84187dfe28599a8c9d57d06d46697eaf211ecf.ffsupdating'
2021-10-11 16:46:33|  91.3|  0.0|STATS |Storing feature(s) to FME feature store file `C:\Users\Demo\AppData\Local\Temp\wb-cache--KidIXm\Main_RoofSurface -1 29 -1  0  24e28201d2ebb0e3e78972c171e0b9efa61908c4.ffsupdating'
2021-10-11 16:46:33|  91.3|  0.0|STATS |Storing feature(s) to FME feature store file `C:\Users\Demo\AppData\Local\Temp\wb-cache--KidIXm\Main_Address -1 33 -1  0  b44e963eedc1f6163d29244d4b88b141e12546ea.ffsupdating'
2021-10-11 16:46:33|  91.3|  0.0|STATS |Storing feature(s) to FME feature store file `C:\Users\Demo\AppData\Local\Temp\wb-cache--KidIXm\Main_Building -1 32 -1  0  5d458da889f226bcf0a2c488af1e0ad2cadf36ad.ffsupdating'
2021-10-11 16:46:36|  94.3|  3.0|STATS |Storing feature(s) to FME feature store file `C:\Users\Demo\AppData\Local\Temp\wb-cache--KidIXm\Main_CityModel -1 31 -1  0  73e054a0423c8ac3c847d92a5981787df516b117.ffsupdating'
2021-10-11 16:46:37|  94.3|  0.0|INFORM|MULTI_READER(MULTI_READER): Done reading 1661 features from 3 readers
2021-10-11 16:46:37|  94.3|  0.0|INFORM|Emptying factory pipeline
2021-10-11 16:46:37|  94.3|  0.0|STATS |Router and Unexpected Input Remover (RoutingFactory): Tested 1661 input feature(s), wrote 1661 output feature(s): 1661 matched merge filters, 1661 were routed to output, 0 could not be routed.
2021-10-11 16:46:37|  94.3|  0.0|STATS |Unexpected Input Remover Nuker (TeeFactory): Cloned 0 input feature(s) into 0 output feature(s)
2021-10-11 16:46:37|  94.3|  0.0|STATS |Address_CITYGML_3 Splitter (TeeFactory): Cloned 81 input feature(s) into 81 output feature(s)
2021-10-11 16:46:37|  94.3|  0.0|STATS |Address_CITYGML_3 Feature Counter -1 34 (TeeFactory): Cloned 81 input feature(s) into 81 output feature(s)
2021-10-11 16:46:37|  94.3|  0.0|STATS |Building_CITYGML_3 Splitter (TeeFactory): Cloned 48 input feature(s) into 48 output feature(s)
2021-10-11 16:46:37|  94.3|  0.0|STATS |Building_CITYGML_3 Feature Counter -1 41 (TeeFactory): Cloned 48 input feature(s) into 48 output feature(s)
2021-10-11 16:46:37|  94.3|  0.0|STATS |CityModel_CITYGML_3 Splitter (TeeFactory): Cloned 1 input feature(s) into 1 output feature(s)
2021-10-11 16:46:37|  94.3|  0.0|STATS |CityModel_CITYGML_3 Feature Counter -1 42 (TeeFactory): Cloned 1 input feature(s) into 1 output feature(s)
2021-10-11 16:46:37|  94.3|  0.0|STATS |GroundSurface_CITYGML_3 Splitter (TeeFactory): Cloned 48 input feature(s) into 48 output feature(s)
2021-10-11 16:46:37|  94.3|  0.0|STATS |GroundSurface_CITYGML_3 Feature Counter -1 43 (TeeFactory): Cloned 48 input feature(s) into 48 output feature(s)
2021-10-11 16:46:37|  94.3|  0.0|STATS |RoofSurface_CITYGML_3 Splitter (TeeFactory): Cloned 183 input feature(s) into 183 output feature(s)
2021-10-11 16:46:37|  94.3|  0.0|STATS |RoofSurface_CITYGML_3 Feature Counter -1 44 (TeeFactory): Cloned 183 input feature(s) into 183 output feature(s)
2021-10-11 16:46:37|  94.3|  0.0|STATS |WallSurface_CITYGML_3 Splitter (TeeFactory): Cloned 912 input feature(s) into 912 output feature(s)
2021-10-11 16:46:37|  94.3|  0.0|STATS |WallSurface_CITYGML_3 Feature Counter -1 45 (TeeFactory): Cloned 912 input feature(s) into 912 output feature(s)
2021-10-11 16:46:37|  94.3|  0.0|STATS |Address_CITYGML_4 Splitter (TeeFactory): Cloned 4 input feature(s) into 4 output feature(s)
2021-10-11 16:46:37|  94.3|  0.0|STATS |Address_CITYGML_4 Feature Counter -1 35 (TeeFactory): Cloned 4 input feature(s) into 4 output feature(s)
2021-10-11 16:46:37|  94.3|  0.0|STATS |Building_CITYGML_4 Splitter (TeeFactory): Cloned 4 input feature(s) into 4 output feature(s)
2021-10-11 16:46:37|  94.3|  0.0|STATS |Building_CITYGML_4 Feature Counter -1 36 (TeeFactory): Cloned 4 input feature(s) into 4 output feature(s)
2021-10-11 16:46:37|  94.3|  0.0|STATS |CityModel_CITYGML_4 Splitter (TeeFactory): Cloned 1 input feature(s) into 1 output feature(s)
2021-10-11 16:46:37|  94.3|  0.0|STATS |CityModel_CITYGML_4 Feature Counter -1 37 (TeeFactory): Cloned 1 input feature(s) into 1 output feature(s)
2021-10-11 16:46:37|  94.3|  0.0|STATS |GroundSurface_CITYGML_4 Splitter (TeeFactory): Cloned 4 input feature(s) into 4 output feature(s)
2021-10-11 16:46:37|  94.3|  0.0|STATS |GroundSurface_CITYGML_4 Feature Counter -1 38 (TeeFactory): Cloned 4 input feature(s) into 4 output feature(s)
2021-10-11 16:46:37|  94.3|  0.0|STATS |RoofSurface_CITYGML_4 Splitter (TeeFactory): Cloned 27 input feature(s) into 27 output feature(s)
2021-10-11 16:46:37|  94.3|  0.0|STATS |RoofSurface_CITYGML_4 Feature Counter -1 39 (TeeFactory): Cloned 27 input feature(s) into 27 output feature(s)
2021-10-11 16:46:37|  94.3|  0.0|STATS |WallSurface_CITYGML_4 Splitter (TeeFactory): Cloned 114 input feature(s) into 114 output feature(s)
2021-10-11 16:46:37|  94.3|  0.0|STATS |WallSurface_CITYGML_4 Feature Counter -1 40 (TeeFactory): Cloned 114 input feature(s) into 114 output feature(s)
2021-10-11 16:46:37|  94.3|  0.0|STATS |Address_CITYGML_1 Splitter (TeeFactory): Cloned 16 input feature(s) into 16 output feature(s)
2021-10-11 16:46:37|  94.3|  0.0|STATS |Address_CITYGML_1 Feature Counter -1 19 (TeeFactory): Cloned 16 input feature(s) into 16 output feature(s)
2021-10-11 16:46:37|  94.3|  0.0|STATS |Building_CITYGML_1 Splitter (TeeFactory): Cloned 8 input feature(s) into 8 output feature(s)
2021-10-11 16:46:37|  94.3|  0.0|STATS |Building_CITYGML_1 Feature Counter -1 18 (TeeFactory): Cloned 8 input feature(s) into 8 output feature(s)
2021-10-11 16:46:37|  94.3|  0.0|STATS |CityModel_CITYGML_1 Splitter (TeeFactory): Cloned 1 input feature(s) into 1 output feature(s)
2021-10-11 16:46:37|  94.3|  0.0|STATS |CityModel_CITYGML_1 Feature Counter -1 17 (TeeFactory): Cloned 1 input feature(s) into 1 output feature(s)
2021-10-11 16:46:37|  94.3|  0.0|STATS |GroundSurface_CITYGML_1 Splitter (TeeFactory): Cloned 8 input feature(s) into 8 output feature(s)
2021-10-11 16:46:37|  94.3|  0.0|STATS |GroundSurface_CITYGML_1 Feature Counter -1 16 (TeeFactory): Cloned 8 input feature(s) into 8 output feature(s)
2021-10-11 16:46:37|  94.3|  0.0|STATS |RoofSurface_CITYGML_1 Splitter (TeeFactory): Cloned 27 input feature(s) into 27 output feature(s)
2021-10-11 16:46:37|  94.3|  0.0|STATS |RoofSurface_CITYGML_1 Feature Counter -1 15 (TeeFactory): Cloned 27 input feature(s) into 27 output feature(s)
2021-10-11 16:46:37|  95.1|  0.8|STATS |Stored 183 feature(s) to FME feature store file `C:\Users\Demo\AppData\Local\Temp\wb-cache--KidIXm\Main_RoofSurface -1 23 -1  0  b753bcbabdc27a966527f674b74ba89094571142.ffsupdating'
2021-10-11 16:46:37|  95.1|  0.0|INFORM|Saving spatial index into file 'C:\Users\Demo\AppData\Local\Temp\wb-cache--KidIXm\Main_RoofSurface -1 23 -1  0  b753bcbabdc27a966527f674b74ba89094571142.fsi'
2021-10-11 16:46:37|  95.1|  0.0|INFORM|Finished saving spatial index into file 'C:\Users\Demo\AppData\Local\Temp\wb-cache--KidIXm\Main_RoofSurface -1 23 -1  0  b753bcbabdc27a966527f674b74ba89094571142.fsi'
2021-10-11 16:46:38|  95.9|  0.7|STATS |Stored 174 feature(s) to FME feature store file `C:\Users\Demo\AppData\Local\Temp\wb-cache--KidIXm\Main_WallSurface -1 2 -1  0  cb5df51613530d4c1e6ae169b0a96356d2d428bb.ffsupdating'
2021-10-11 16:46:38|  95.9|  0.0|INFORM|Saving spatial index into file 'C:\Users\Demo\AppData\Local\Temp\wb-cache--KidIXm\Main_WallSurface -1 2 -1  0  cb5df51613530d4c1e6ae169b0a96356d2d428bb.fsi'
2021-10-11 16:46:38|  95.9|  0.0|INFORM|Finished saving spatial index into file 'C:\Users\Demo\AppData\Local\Temp\wb-cache--KidIXm\Main_WallSurface -1 2 -1  0  cb5df51613530d4c1e6ae169b0a96356d2d428bb.fsi'
2021-10-11 16:46:38|  95.9|  0.0|STATS |Stored 1 feature(s) to FME feature store file `C:\Users\Demo\AppData\Local\Temp\wb-cache--KidIXm\Main_CityModel -1 8 -1  0  3aba1a243de9388b7cd63c565ddd3f91da6f04ce.ffsupdating'
2021-10-11 16:46:38|  95.9|  0.0|INFORM|Saving spatial index into file 'C:\Users\Demo\AppData\Local\Temp\wb-cache--KidIXm\Main_CityModel -1 8 -1  0  3aba1a243de9388b7cd63c565ddd3f91da6f04ce.fsi'
2021-10-11 16:46:38|  95.9|  0.0|INFORM|Finished saving spatial index into file 'C:\Users\Demo\AppData\Local\Temp\wb-cache--KidIXm\Main_CityModel -1 8 -1  0  3aba1a243de9388b7cd63c565ddd3f91da6f04ce.fsi'
2021-10-11 16:46:38|  96.1|  0.2|STATS |Stored 27 feature(s) to FME feature store file `C:\Users\Demo\AppData\Local\Temp\wb-cache--KidIXm\Main_RoofSurface -1 4 -1  0  2fb61ee384061dd603091b2d7e47b4ff4c584db1.ffsupdating'
2021-10-11 16:46:38|  96.1|  0.0|INFORM|Saving spatial index into file 'C:\Users\Demo\AppData\Local\Temp\wb-cache--KidIXm\Main_RoofSurface -1 4 -1  0  2fb61ee384061dd603091b2d7e47b4ff4c584db1.fsi'
2021-10-11 16:46:38|  96.1|  0.0|INFORM|Finished saving spatial index into file 'C:\Users\Demo\AppData\Local\Temp\wb-cache--KidIXm\Main_RoofSurface -1 4 -1  0  2fb61ee384061dd603091b2d7e47b4ff4c584db1.fsi'
2021-10-11 16:46:38|  96.1|  0.0|STATS |Stored 8 feature(s) to FME feature store file `C:\Users\Demo\AppData\Local\Temp\wb-cache--KidIXm\Main_GroundSurface -1 6 -1  0  52b2b10eb89cece3ae4476b24b62ef8ac25b1a1f.ffsupdating'
2021-10-11 16:46:38|  96.1|  0.0|INFORM|Saving spatial index into file 'C:\Users\Demo\AppData\Local\Temp\wb-cache--KidIXm\Main_GroundSurface -1 6 -1  0  52b2b10eb89cece3ae4476b24b62ef8ac25b1a1f.fsi'
2021-10-11 16:46:38|  96.1|  0.0|INFORM|Finished saving spatial index into file 'C:\Users\Demo\AppData\Local\Temp\wb-cache--KidIXm\Main_GroundSurface -1 6 -1  0  52b2b10eb89cece3ae4476b24b62ef8ac25b1a1f.fsi'
2021-10-11 16:46:38|  96.1|  0.0|STATS |Stored 16 feature(s) to FME feature store file `C:\Users\Demo\AppData\Local\Temp\wb-cache--KidIXm\Main_Address -1 12 -1  0  f95872a3a60565a942e8377836cff57de98565e3.ffsupdating'
2021-10-11 16:46:38|  96.1|  0.0|INFORM|Saving spatial index into file 'C:\Users\Demo\AppData\Local\Temp\wb-cache--KidIXm\Main_Address -1 12 -1  0  f95872a3a60565a942e8377836cff57de98565e3.fsi'
2021-10-11 16:46:38|  96.1|  0.0|INFORM|Finished saving spatial index into file 'C:\Users\Demo\AppData\Local\Temp\wb-cache--KidIXm\Main_Address -1 12 -1  0  f95872a3a60565a942e8377836cff57de98565e3.fsi'
2021-10-11 16:46:41|  99.1|  3.1|STATS |Stored 912 feature(s) to FME feature store file `C:\Users\Demo\AppData\Local\Temp\wb-cache--KidIXm\Main_WallSurface -1 22 -1  0  543d9baa26a991858232afb2046640828ec00e0d.ffsupdating'
2021-10-11 16:46:41|  99.1|  0.0|INFORM|Saving spatial index into file 'C:\Users\Demo\AppData\Local\Temp\wb-cache--KidIXm\Main_WallSurface -1 22 -1  0  543d9baa26a991858232afb2046640828ec00e0d.fsi'
2021-10-11 16:46:41|  99.1|  0.0|INFORM|Finished saving spatial index into file 'C:\Users\Demo\AppData\Local\Temp\wb-cache--KidIXm\Main_WallSurface -1 22 -1  0  543d9baa26a991858232afb2046640828ec00e0d.fsi'
2021-10-11 16:46:42|  99.6|  0.5|STATS |Stored 8 feature(s) to FME feature store file `C:\Users\Demo\AppData\Local\Temp\wb-cache--KidIXm\Main_Building -1 10 -1  0  3cb070c3fca9f015acfaee89ee8c5b444021aac3.ffsupdating'
2021-10-11 16:46:42|  99.6|  0.0|INFORM|Saving spatial index into file 'C:\Users\Demo\AppData\Local\Temp\wb-cache--KidIXm\Main_Building -1 10 -1  0  3cb070c3fca9f015acfaee89ee8c5b444021aac3.fsi'
2021-10-11 16:46:42|  99.6|  0.0|INFORM|Finished saving spatial index into file 'C:\Users\Demo\AppData\Local\Temp\wb-cache--KidIXm\Main_Building -1 10 -1  0  3cb070c3fca9f015acfaee89ee8c5b444021aac3.fsi'
2021-10-11 16:46:42|  99.8|  0.2|STATS |Stored 114 feature(s) to FME feature store file `C:\Users\Demo\AppData\Local\Temp\wb-cache--KidIXm\Main_WallSurface -1 28 -1  0  38155a115d29a6a39d32365eb8e718f0231f73d9.ffsupdating'
2021-10-11 16:46:42|  99.8|  0.0|INFORM|Saving spatial index into file 'C:\Users\Demo\AppData\Local\Temp\wb-cache--KidIXm\Main_WallSurface -1 28 -1  0  38155a115d29a6a39d32365eb8e718f0231f73d9.fsi'
2021-10-11 16:46:42|  99.8|  0.0|INFORM|Finished saving spatial index into file 'C:\Users\Demo\AppData\Local\Temp\wb-cache--KidIXm\Main_WallSurface -1 28 -1  0  38155a115d29a6a39d32365eb8e718f0231f73d9.fsi'
2021-10-11 16:46:42|  99.8|  0.0|STATS |Stored 48 feature(s) to FME feature store file `C:\Users\Demo\AppData\Local\Temp\wb-cache--KidIXm\Main_GroundSurface -1 24 -1  0  0e409b1e42d7b425666c738ce6b67b36f9c94a81.ffsupdating'
2021-10-11 16:46:42|  99.8|  0.0|INFORM|Saving spatial index into file 'C:\Users\Demo\AppData\Local\Temp\wb-cache--KidIXm\Main_GroundSurface -1 24 -1  0  0e409b1e42d7b425666c738ce6b67b36f9c94a81.fsi'
2021-10-11 16:46:42|  99.8|  0.0|INFORM|Finished saving spatial index into file 'C:\Users\Demo\AppData\Local\Temp\wb-cache--KidIXm\Main_GroundSurface -1 24 -1  0  0e409b1e42d7b425666c738ce6b67b36f9c94a81.fsi'
2021-10-11 16:46:42|  99.8|  0.0|STATS |Stored 81 feature(s) to FME feature store file `C:\Users\Demo\AppData\Local\Temp\wb-cache--KidIXm\Main_Address -1 27 -1  0  87a2f434adfd8868111c1bc5f2dbc1b113f72ead.ffsupdating'
2021-10-11 16:46:42|  99.8|  0.0|INFORM|Saving spatial index into file 'C:\Users\Demo\AppData\Local\Temp\wb-cache--KidIXm\Main_Address -1 27 -1  0  87a2f434adfd8868111c1bc5f2dbc1b113f72ead.fsi'
2021-10-11 16:46:42|  99.8|  0.0|INFORM|Finished saving spatial index into file 'C:\Users\Demo\AppData\Local\Temp\wb-cache--KidIXm\Main_Address -1 27 -1  0  87a2f434adfd8868111c1bc5f2dbc1b113f72ead.fsi'
2021-10-11 16:46:44| 101.9|  2.1|STATS |Stored 48 feature(s) to FME feature store file `C:\Users\Demo\AppData\Local\Temp\wb-cache--KidIXm\Main_Building -1 26 -1  0  6394f6f4d9ae5e08a81dbd619da069ebd1191b88.ffsupdating'
2021-10-11 16:46:44| 101.9|  0.0|INFORM|Saving spatial index into file 'C:\Users\Demo\AppData\Local\Temp\wb-cache--KidIXm\Main_Building -1 26 -1  0  6394f6f4d9ae5e08a81dbd619da069ebd1191b88.fsi'
2021-10-11 16:46:44| 101.9|  0.0|INFORM|Finished saving spatial index into file 'C:\Users\Demo\AppData\Local\Temp\wb-cache--KidIXm\Main_Building -1 26 -1  0  6394f6f4d9ae5e08a81dbd619da069ebd1191b88.fsi'
2021-10-11 16:46:44| 101.9|  0.0|STATS |Stored 1 feature(s) to FME feature store file `C:\Users\Demo\AppData\Local\Temp\wb-cache--KidIXm\Main_CityModel -1 25 -1  0  9e54d302b0dc0aa8a51d394540f754ac68cdbc4b.ffsupdating'
2021-10-11 16:46:44| 101.9|  0.0|INFORM|Saving spatial index into file 'C:\Users\Demo\AppData\Local\Temp\wb-cache--KidIXm\Main_CityModel -1 25 -1  0  9e54d302b0dc0aa8a51d394540f754ac68cdbc4b.fsi'
2021-10-11 16:46:44| 101.9|  0.0|INFORM|Finished saving spatial index into file 'C:\Users\Demo\AppData\Local\Temp\wb-cache--KidIXm\Main_CityModel -1 25 -1  0  9e54d302b0dc0aa8a51d394540f754ac68cdbc4b.fsi'
2021-10-11 16:46:44| 101.9|  0.0|STATS |Stored 4 feature(s) to FME feature store file `C:\Users\Demo\AppData\Local\Temp\wb-cache--KidIXm\Main_GroundSurface -1 30 -1  0  6f84187dfe28599a8c9d57d06d46697eaf211ecf.ffsupdating'
2021-10-11 16:46:44| 101.9|  0.0|INFORM|Saving spatial index into file 'C:\Users\Demo\AppData\Local\Temp\wb-cache--KidIXm\Main_GroundSurface -1 30 -1  0  6f84187dfe28599a8c9d57d06d46697eaf211ecf.fsi'
2021-10-11 16:46:44| 101.9|  0.0|INFORM|Finished saving spatial index into file 'C:\Users\Demo\AppData\Local\Temp\wb-cache--KidIXm\Main_GroundSurface -1 30 -1  0  6f84187dfe28599a8c9d57d06d46697eaf211ecf.fsi'
2021-10-11 16:46:44| 101.9|  0.0|STATS |Stored 1 feature(s) to FME feature store file `C:\Users\Demo\AppData\Local\Temp\wb-cache--KidIXm\Main_CityModel -1 31 -1  0  73e054a0423c8ac3c847d92a5981787df516b117.ffsupdating'
2021-10-11 16:46:44| 101.9|  0.0|INFORM|Saving spatial index into file 'C:\Users\Demo\AppData\Local\Temp\wb-cache--KidIXm\Main_CityModel -1 31 -1  0  73e054a0423c8ac3c847d92a5981787df516b117.fsi'
2021-10-11 16:46:44| 101.9|  0.0|INFORM|Finished saving spatial index into file 'C:\Users\Demo\AppData\Local\Temp\wb-cache--KidIXm\Main_CityModel -1 31 -1  0  73e054a0423c8ac3c847d92a5981787df516b117.fsi'
2021-10-11 16:46:44| 101.9|  0.1|STATS |Stored 27 feature(s) to FME feature store file `C:\Users\Demo\AppData\Local\Temp\wb-cache--KidIXm\Main_RoofSurface -1 29 -1  0  24e28201d2ebb0e3e78972c171e0b9efa61908c4.ffsupdating'
2021-10-11 16:46:44| 101.9|  0.0|INFORM|Saving spatial index into file 'C:\Users\Demo\AppData\Local\Temp\wb-cache--KidIXm\Main_RoofSurface -1 29 -1  0  24e28201d2ebb0e3e78972c171e0b9efa61908c4.fsi'
2021-10-11 16:46:44| 101.9|  0.0|INFORM|Finished saving spatial index into file 'C:\Users\Demo\AppData\Local\Temp\wb-cache--KidIXm\Main_RoofSurface -1 29 -1  0  24e28201d2ebb0e3e78972c171e0b9efa61908c4.fsi'
2021-10-11 16:46:44| 101.9|  0.0|STATS |Stored 4 feature(s) to FME feature store file `C:\Users\Demo\AppData\Local\Temp\wb-cache--KidIXm\Main_Address -1 33 -1  0  b44e963eedc1f6163d29244d4b88b141e12546ea.ffsupdating'
2021-10-11 16:46:44| 101.9|  0.0|INFORM|Saving spatial index into file 'C:\Users\Demo\AppData\Local\Temp\wb-cache--KidIXm\Main_Address -1 33 -1  0  b44e963eedc1f6163d29244d4b88b141e12546ea.fsi'
2021-10-11 16:46:44| 101.9|  0.0|INFORM|Finished saving spatial index into file 'C:\Users\Demo\AppData\Local\Temp\wb-cache--KidIXm\Main_Address -1 33 -1  0  b44e963eedc1f6163d29244d4b88b141e12546ea.fsi'
2021-10-11 16:46:44| 102.0|  0.1|STATS |Stored 4 feature(s) to FME feature store file `C:\Users\Demo\AppData\Local\Temp\wb-cache--KidIXm\Main_Building -1 32 -1  0  5d458da889f226bcf0a2c488af1e0ad2cadf36ad.ffsupdating'
2021-10-11 16:46:44| 102.0|  0.0|INFORM|Saving spatial index into file 'C:\Users\Demo\AppData\Local\Temp\wb-cache--KidIXm\Main_Building -1 32 -1  0  5d458da889f226bcf0a2c488af1e0ad2cadf36ad.fsi'
2021-10-11 16:46:44| 102.0|  0.0|INFORM|Finished saving spatial index into file 'C:\Users\Demo\AppData\Local\Temp\wb-cache--KidIXm\Main_Building -1 32 -1  0  5d458da889f226bcf0a2c488af1e0ad2cadf36ad.fsi'
2021-10-11 16:46:44| 102.1|  0.0|STATS |WallSurface_CITYGML_1 Splitter (TeeFactory): Cloned 174 input feature(s) into 174 output feature(s)
2021-10-11 16:46:44| 102.1|  0.0|STATS |WallSurface_CITYGML_1 Feature Counter -1 14 (TeeFactory): Cloned 174 input feature(s) into 174 output feature(s)
2021-10-11 16:46:44| 102.1|  0.0|STATS |Destination Feature Type Routing Correlator (RoutingFactory): Tested 1661 input feature(s), wrote 1661 output feature(s): 0 matched merge filters, 1661 were routed to output, 0 could not be routed.
2021-10-11 16:46:44| 102.1|  0.0|STATS |Final Output Nuker (TeeFactory): Cloned 0 input feature(s) into 0 output feature(s)
2021-10-11 16:46:49| 105.6|  3.5|INFORM|=-=-=-=-=-=-=-=-=-=-=-=-=-=-=-=-=-=-=-=-=-=-=-=-=-=-=-=-=-=-=-=-=-=-=-=-=-=-=-
2021-10-11 16:46:49| 105.6|  0.0|INFORM|Feature output statistics for `CITYGML' writer using keyword `CITYGML_2':
2021-10-11 16:46:49| 105.6|  0.0|STATS |=-=-=-=-=-=-=-=-=-=-=-=-=-=-=-=-=-=-=-=-=-=-=-=-=-=-=-=-=-=-=-=-=-=-=-=-=-=-=-
2021-10-11 16:46:49| 105.6|  0.0|STATS |                               Features Written
2021-10-11 16:46:49| 105.6|  0.0|STATS |=-=-=-=-=-=-=-=-=-=-=-=-=-=-=-=-=-=-=-=-=-=-=-=-=-=-=-=-=-=-=-=-=-=-=-=-=-=-=-
2021-10-11 16:46:49| 105.6|  0.0|STATS |Address                                                                    101
2021-10-11 16:46:49| 105.6|  0.0|STATS |Building                                                                    60
2021-10-11 16:46:49| 105.6|  0.0|STATS |CityModel                                                                    3
2021-10-11 16:46:49| 105.6|  0.0|STATS |GroundSurface                                                               60
2021-10-11 16:46:49| 105.6|  0.0|STATS |RoofSurface                                                                237
2021-10-11 16:46:49| 105.6|  0.0|STATS |WallSurface                                                               1200
2021-10-11 16:46:49| 105.6|  0.0|STATS |==============================================================================
2021-10-11 16:46:49| 105.6|  0.0|STATS |Total Features Written                                                    1661
2021-10-11 16:46:49| 105.6|  0.0|STATS |=-=-=-=-=-=-=-=-=-=-=-=-=-=-=-=-=-=-=-=-=-=-=-=-=-=-=-=-=-=-=-=-=-=-=-=-=-=-=-
2021-10-11 16:46:49| 105.6|  0.0|STATS |=-=-=-=-=-=-=-=-=-=-=-=-=-=-=-=-=-=-=-=-=-=-=-=-=-=-=-=-=-=-=-=-=-=-=-=-=-=-=-
2021-10-11 16:46:49| 105.6|  0.0|STATS |                            Features Read Summary
2021-10-11 16:46:49| 105.6|  0.0|STATS |=-=-=-=-=-=-=-=-=-=-=-=-=-=-=-=-=-=-=-=-=-=-=-=-=-=-=-=-=-=-=-=-=-=-=-=-=-=-=-
2021-10-11 16:46:49| 105.6|  0.0|STATS |Address                                                                    101
2021-10-11 16:46:49| 105.6|  0.0|STATS |Building                                                                    60
2021-10-11 16:46:49| 105.6|  0.0|STATS |CityModel                                                                    3
2021-10-11 16:46:49| 105.6|  0.0|STATS |GroundSurface                                                               60
2021-10-11 16:46:49| 105.6|  0.0|STATS |RoofSurface                                                                237
2021-10-11 16:46:49| 105.6|  0.0|STATS |WallSurface                                                               1200
2021-10-11 16:46:49| 105.6|  0.0|STATS |==============================================================================
2021-10-11 16:46:49| 105.6|  0.0|STATS |Total Features Read                                                       1661
2021-10-11 16:46:49| 105.6|  0.0|STATS |=-=-=-=-=-=-=-=-=-=-=-=-=-=-=-=-=-=-=-=-=-=-=-=-=-=-=-=-=-=-=-=-=-=-=-=-=-=-=-
2021-10-11 16:46:49| 105.6|  0.0|STATS |=-=-=-=-=-=-=-=-=-=-=-=-=-=-=-=-=-=-=-=-=-=-=-=-=-=-=-=-=-=-=-=-=-=-=-=-=-=-=-
2021-10-11 16:46:49| 105.6|  0.0|STATS |                           Features Written Summary
2021-10-11 16:46:49| 105.6|  0.0|STATS |=-=-=-=-=-=-=-=-=-=-=-=-=-=-=-=-=-=-=-=-=-=-=-=-=-=-=-=-=-=-=-=-=-=-=-=-=-=-=-
2021-10-11 16:46:49| 105.6|  0.0|STATS |Address                                                                    101
2021-10-11 16:46:49| 105.6|  0.0|STATS |Building                                                                    60
2021-10-11 16:46:49| 105.6|  0.0|STATS |CityModel                                                                    3
2021-10-11 16:46:49| 105.6|  0.0|STATS |GroundSurface                                                               60
2021-10-11 16:46:49| 105.6|  0.0|STATS |RoofSurface                                                                237
2021-10-11 16:46:49| 105.6|  0.0|STATS |WallSurface                                                               1200
2021-10-11 16:46:49| 105.6|  0.0|STATS |==============================================================================
2021-10-11 16:46:49| 105.6|  0.0|STATS |Total Features Written                                                    1661
2021-10-11 16:46:49| 105.6|  0.0|STATS |=-=-=-=-=-=-=-=-=-=-=-=-=-=-=-=-=-=-=-=-=-=-=-=-=-=-=-=-=-=-=-=-=-=-=-=-=-=-=-
2021-10-11 16:46:49| 105.6|  0.0|WARN  |-~-~-~-~-~-~-~-~-~-~-~-~-~-~-~-~-~-~-~-~-~-~-~-~-~-~-~-~-~-~-~-~-~-~-~-~-~-~-~-~-
2021-10-11 16:46:49| 105.6|  0.0|WARN  |-~                                                                             ~-
2021-10-11 16:46:49| 105.6|  0.0|WARN  |-~    Feature caches have been recorded at every stage of the translation.     ~-
2021-10-11 16:46:49| 105.6|  0.0|WARN  |-~                      To inspect the recorded features,                      ~-
2021-10-11 16:46:49| 105.6|  0.0|WARN  |-~              click the feature cache icons next to the ports.               ~-
2021-10-11 16:46:49| 105.6|  0.0|WARN  |-~                                                                             ~-
2021-10-11 16:46:49| 105.6|  0.0|WARN  |-~-~-~-~-~-~-~-~-~-~-~-~-~-~-~-~-~-~-~-~-~-~-~-~-~-~-~-~-~-~-~-~-~-~-~-~-~-~-~-~-
2021-10-11 16:46:49| 105.6|  0.0|INFORM|Translation was SUCCESSFUL with 7 warning(s) (1661 feature(s) output)
2021-10-11 16:46:49| 105.8|  0.2|INFORM|FME Session Duration: 1 minute 53.9 seconds. (CPU: 64.5s user, 40.6s system)
2021-10-11 16:46:49| 105.8|  0.0|INFORM|END - ProcessID: 20284, peak process memory usage: 557892 kB, current process memory usage: 221792 kB
